<?xml version="1.0" encoding="UTF-8"?>
<!-- Generated by org.testng.reporters.JUnitXMLReporter -->
<testsuite hostname="Pankaj" ignored="0" name="Default test" tests="5" failures="0" timestamp="16 Feb 2019 16:46:02 GMT" time="0.082" errors="0">
  <testcase name="function4" time="0.015" classname="com.learning.maven.Test1"/>
  <testcase name="function" time="0.003" classname="com.learning.maven.Test1"/>
  <testcase name="functionn" time="0.005" classname="com.learning.maven.Test1"/>
  <testcase name="nopriority" time="0.003" classname="com.learning.maven.Test1"/>
  <testcase name="function3" time="0.002" classname="com.learning.maven.Test1"/>
</testsuite> <!-- Default test -->
